2024-05-16T12:53:20.138Z [32minfo[39m: ofekm5 logged in successfully
2024-05-17T10:57:58.571Z [32minfo[39m: ofekm logged in successfully
2024-05-17T10:59:23.362Z [31merror[39m: Invalid or expired token
2024-05-17T10:59:38.030Z [31merror[39m: Invalid or expired token
2024-05-17T10:59:50.627Z [31merror[39m: Invalid or expired token
2024-05-17T11:00:21.981Z [32minfo[39m: ofekm logged in successfully
2024-05-17T11:00:45.317Z [31merror[39m: Invalid or expired token
2024-05-17T11:01:24.663Z [32minfo[39m: ofekm8 logged in successfully
2024-05-17T11:01:35.833Z [32minfo[39m: tali logged in successfully
2024-05-17T11:07:01.687Z [32minfo[39m: tali logged in successfully
2024-05-17T11:07:16.291Z [32minfo[39m: verified user 1 OTP
2024-05-17T11:07:54.995Z [32minfo[39m: buna logged in successfully
2024-05-17T11:08:05.542Z [32minfo[39m: verified user 1 OTP
2024-05-17T11:08:11.731Z [31merror[39m: Invalid or expired token
2024-05-17T13:27:38.809Z [31merror[39m: TypeError: Cannot read properties of undefined (reading 'appoDate')
    at checkParams (C:\Users\avita\source\repos\ofekm5\ShebaScheduler\Scheduler\dist\middleware\checkParams.js:5:13)
    at Layer.handle [as handle_request] (C:\Users\avita\source\repos\ofekm5\ShebaScheduler\Scheduler\node_modules\express\lib\router\layer.js:95:5)
    at trim_prefix (C:\Users\avita\source\repos\ofekm5\ShebaScheduler\Scheduler\node_modules\express\lib\router\index.js:328:13)
    at C:\Users\avita\source\repos\ofekm5\ShebaScheduler\Scheduler\node_modules\express\lib\router\index.js:286:9
    at Function.process_params (C:\Users\avita\source\repos\ofekm5\ShebaScheduler\Scheduler\node_modules\express\lib\router\index.js:346:12)
    at next (C:\Users\avita\source\repos\ofekm5\ShebaScheduler\Scheduler\node_modules\express\lib\router\index.js:280:10)
    at Function.handle (C:\Users\avita\source\repos\ofekm5\ShebaScheduler\Scheduler\node_modules\express\lib\router\index.js:175:3)
    at router (C:\Users\avita\source\repos\ofekm5\ShebaScheduler\Scheduler\node_modules\express\lib\router\index.js:47:12)
    at Layer.handle [as handle_request] (C:\Users\avita\source\repos\ofekm5\ShebaScheduler\Scheduler\node_modules\express\lib\router\layer.js:95:5)
    at trim_prefix (C:\Users\avita\source\repos\ofekm5\ShebaScheduler\Scheduler\node_modules\express\lib\router\index.js:328:13)
2024-05-17T13:28:20.585Z [31merror[39m: TypeError: Cannot read properties of undefined (reading 'appoDate')
    at checkParams (C:\Users\avita\source\repos\ofekm5\ShebaScheduler\Scheduler\dist\middleware\checkParams.js:5:13)
    at Layer.handle [as handle_request] (C:\Users\avita\source\repos\ofekm5\ShebaScheduler\Scheduler\node_modules\express\lib\router\layer.js:95:5)
    at trim_prefix (C:\Users\avita\source\repos\ofekm5\ShebaScheduler\Scheduler\node_modules\express\lib\router\index.js:328:13)
    at C:\Users\avita\source\repos\ofekm5\ShebaScheduler\Scheduler\node_modules\express\lib\router\index.js:286:9
    at Function.process_params (C:\Users\avita\source\repos\ofekm5\ShebaScheduler\Scheduler\node_modules\express\lib\router\index.js:346:12)
    at next (C:\Users\avita\source\repos\ofekm5\ShebaScheduler\Scheduler\node_modules\express\lib\router\index.js:280:10)
    at Function.handle (C:\Users\avita\source\repos\ofekm5\ShebaScheduler\Scheduler\node_modules\express\lib\router\index.js:175:3)
    at router (C:\Users\avita\source\repos\ofekm5\ShebaScheduler\Scheduler\node_modules\express\lib\router\index.js:47:12)
    at Layer.handle [as handle_request] (C:\Users\avita\source\repos\ofekm5\ShebaScheduler\Scheduler\node_modules\express\lib\router\layer.js:95:5)
    at trim_prefix (C:\Users\avita\source\repos\ofekm5\ShebaScheduler\Scheduler\node_modules\express\lib\router\index.js:328:13)
2024-05-17T13:28:57.926Z [31merror[39m: TypeError: Cannot read properties of undefined (reading 'appoDate')
    at checkParams (C:\Users\avita\source\repos\ofekm5\ShebaScheduler\Scheduler\dist\middleware\checkParams.js:5:13)
    at Layer.handle [as handle_request] (C:\Users\avita\source\repos\ofekm5\ShebaScheduler\Scheduler\node_modules\express\lib\router\layer.js:95:5)
    at trim_prefix (C:\Users\avita\source\repos\ofekm5\ShebaScheduler\Scheduler\node_modules\express\lib\router\index.js:328:13)
    at C:\Users\avita\source\repos\ofekm5\ShebaScheduler\Scheduler\node_modules\express\lib\router\index.js:286:9
    at Function.process_params (C:\Users\avita\source\repos\ofekm5\ShebaScheduler\Scheduler\node_modules\express\lib\router\index.js:346:12)
    at next (C:\Users\avita\source\repos\ofekm5\ShebaScheduler\Scheduler\node_modules\express\lib\router\index.js:280:10)
    at Function.handle (C:\Users\avita\source\repos\ofekm5\ShebaScheduler\Scheduler\node_modules\express\lib\router\index.js:175:3)
    at router (C:\Users\avita\source\repos\ofekm5\ShebaScheduler\Scheduler\node_modules\express\lib\router\index.js:47:12)
    at Layer.handle [as handle_request] (C:\Users\avita\source\repos\ofekm5\ShebaScheduler\Scheduler\node_modules\express\lib\router\layer.js:95:5)
    at trim_prefix (C:\Users\avita\source\repos\ofekm5\ShebaScheduler\Scheduler\node_modules\express\lib\router\index.js:328:13)
2024-05-17T13:44:39.163Z [31merror[39m: TypeError: Cannot read properties of undefined (reading 'appoDate')
    at checkParams (C:\Users\avita\source\repos\ofekm5\ShebaScheduler\Scheduler\dist\middleware\checkParams.js:5:13)
    at Layer.handle [as handle_request] (C:\Users\avita\source\repos\ofekm5\ShebaScheduler\Scheduler\node_modules\express\lib\router\layer.js:95:5)
    at trim_prefix (C:\Users\avita\source\repos\ofekm5\ShebaScheduler\Scheduler\node_modules\express\lib\router\index.js:328:13)
    at C:\Users\avita\source\repos\ofekm5\ShebaScheduler\Scheduler\node_modules\express\lib\router\index.js:286:9
    at Function.process_params (C:\Users\avita\source\repos\ofekm5\ShebaScheduler\Scheduler\node_modules\express\lib\router\index.js:346:12)
    at next (C:\Users\avita\source\repos\ofekm5\ShebaScheduler\Scheduler\node_modules\express\lib\router\index.js:280:10)
    at Function.handle (C:\Users\avita\source\repos\ofekm5\ShebaScheduler\Scheduler\node_modules\express\lib\router\index.js:175:3)
    at router (C:\Users\avita\source\repos\ofekm5\ShebaScheduler\Scheduler\node_modules\express\lib\router\index.js:47:12)
    at Layer.handle [as handle_request] (C:\Users\avita\source\repos\ofekm5\ShebaScheduler\Scheduler\node_modules\express\lib\router\layer.js:95:5)
    at trim_prefix (C:\Users\avita\source\repos\ofekm5\ShebaScheduler\Scheduler\node_modules\express\lib\router\index.js:328:13)
2024-05-17T13:49:14.423Z [31merror[39m: TypeError: Cannot read properties of undefined (reading 'appoDate')
    at checkParams (C:\Users\avita\source\repos\ofekm5\ShebaScheduler\Scheduler\dist\middleware\checkParams.js:5:13)
    at Layer.handle [as handle_request] (C:\Users\avita\source\repos\ofekm5\ShebaScheduler\Scheduler\node_modules\express\lib\router\layer.js:95:5)
    at trim_prefix (C:\Users\avita\source\repos\ofekm5\ShebaScheduler\Scheduler\node_modules\express\lib\router\index.js:328:13)
    at C:\Users\avita\source\repos\ofekm5\ShebaScheduler\Scheduler\node_modules\express\lib\router\index.js:286:9
    at Function.process_params (C:\Users\avita\source\repos\ofekm5\ShebaScheduler\Scheduler\node_modules\express\lib\router\index.js:346:12)
    at next (C:\Users\avita\source\repos\ofekm5\ShebaScheduler\Scheduler\node_modules\express\lib\router\index.js:280:10)
    at Function.handle (C:\Users\avita\source\repos\ofekm5\ShebaScheduler\Scheduler\node_modules\express\lib\router\index.js:175:3)
    at router (C:\Users\avita\source\repos\ofekm5\ShebaScheduler\Scheduler\node_modules\express\lib\router\index.js:47:12)
    at Layer.handle [as handle_request] (C:\Users\avita\source\repos\ofekm5\ShebaScheduler\Scheduler\node_modules\express\lib\router\layer.js:95:5)
    at trim_prefix (C:\Users\avita\source\repos\ofekm5\ShebaScheduler\Scheduler\node_modules\express\lib\router\index.js:328:13)
2024-05-17T13:51:51.839Z [31merror[39m: TypeError: Cannot read properties of undefined (reading 'appoDate')
    at checkParams (C:\Users\avita\source\repos\ofekm5\ShebaScheduler\Scheduler\dist\middleware\checkParams.js:5:13)
    at Layer.handle [as handle_request] (C:\Users\avita\source\repos\ofekm5\ShebaScheduler\Scheduler\node_modules\express\lib\router\layer.js:95:5)
    at trim_prefix (C:\Users\avita\source\repos\ofekm5\ShebaScheduler\Scheduler\node_modules\express\lib\router\index.js:328:13)
    at C:\Users\avita\source\repos\ofekm5\ShebaScheduler\Scheduler\node_modules\express\lib\router\index.js:286:9
    at Function.process_params (C:\Users\avita\source\repos\ofekm5\ShebaScheduler\Scheduler\node_modules\express\lib\router\index.js:346:12)
    at next (C:\Users\avita\source\repos\ofekm5\ShebaScheduler\Scheduler\node_modules\express\lib\router\index.js:280:10)
    at Function.handle (C:\Users\avita\source\repos\ofekm5\ShebaScheduler\Scheduler\node_modules\express\lib\router\index.js:175:3)
    at router (C:\Users\avita\source\repos\ofekm5\ShebaScheduler\Scheduler\node_modules\express\lib\router\index.js:47:12)
    at Layer.handle [as handle_request] (C:\Users\avita\source\repos\ofekm5\ShebaScheduler\Scheduler\node_modules\express\lib\router\layer.js:95:5)
    at trim_prefix (C:\Users\avita\source\repos\ofekm5\ShebaScheduler\Scheduler\node_modules\express\lib\router\index.js:328:13)
2024-05-17T13:53:50.706Z [31merror[39m: TypeError: Cannot read properties of undefined (reading 'appoDate')
    at checkParams (C:\Users\avita\source\repos\ofekm5\ShebaScheduler\Scheduler\dist\middleware\checkParams.js:5:13)
    at Layer.handle [as handle_request] (C:\Users\avita\source\repos\ofekm5\ShebaScheduler\Scheduler\node_modules\express\lib\router\layer.js:95:5)
    at trim_prefix (C:\Users\avita\source\repos\ofekm5\ShebaScheduler\Scheduler\node_modules\express\lib\router\index.js:328:13)
    at C:\Users\avita\source\repos\ofekm5\ShebaScheduler\Scheduler\node_modules\express\lib\router\index.js:286:9
    at Function.process_params (C:\Users\avita\source\repos\ofekm5\ShebaScheduler\Scheduler\node_modules\express\lib\router\index.js:346:12)
    at next (C:\Users\avita\source\repos\ofekm5\ShebaScheduler\Scheduler\node_modules\express\lib\router\index.js:280:10)
    at Function.handle (C:\Users\avita\source\repos\ofekm5\ShebaScheduler\Scheduler\node_modules\express\lib\router\index.js:175:3)
    at router (C:\Users\avita\source\repos\ofekm5\ShebaScheduler\Scheduler\node_modules\express\lib\router\index.js:47:12)
    at Layer.handle [as handle_request] (C:\Users\avita\source\repos\ofekm5\ShebaScheduler\Scheduler\node_modules\express\lib\router\layer.js:95:5)
    at trim_prefix (C:\Users\avita\source\repos\ofekm5\ShebaScheduler\Scheduler\node_modules\express\lib\router\index.js:328:13)
2024-05-17T13:57:44.364Z [32minfo[39m: buna logged in successfully
2024-05-17T14:05:06.009Z [32minfo[39m: tommy signed up successfully
2024-05-17T14:08:18.267Z [32minfo[39m: tommy signed up successfully
2024-05-17T14:13:41.250Z [32minfo[39m: [object Object] signed up successfully
2024-05-17T14:18:26.443Z [32minfo[39m: buna logged in successfully
2024-05-17T14:18:31.638Z [32minfo[39m: thomas signed up successfully
2024-05-17T14:20:07.269Z [32minfo[39m: thomas signed up successfully
2024-05-17T14:20:12.703Z [32minfo[39m: buna logged in successfully
2024-05-17T14:28:19.168Z [32minfo[39m: thomas signed up successfully
2024-05-17T14:28:28.239Z [31merror[39m: Error: secretOrPrivateKey must have a value
    at module.exports [as sign] (C:\Users\avita\source\repos\ofekm5\ShebaScheduler\Scheduler\node_modules\jsonwebtoken\sign.js:111:20)
    at loginHandler (C:\Users\avita\source\repos\ofekm5\ShebaScheduler\Scheduler\dist\middleware\userHandlers.js:18:46)
    at Layer.handle [as handle_request] (C:\Users\avita\source\repos\ofekm5\ShebaScheduler\Scheduler\node_modules\express\lib\router\layer.js:95:5)
    at next (C:\Users\avita\source\repos\ofekm5\ShebaScheduler\Scheduler\node_modules\express\lib\router\route.js:149:13)
    at Route.dispatch (C:\Users\avita\source\repos\ofekm5\ShebaScheduler\Scheduler\node_modules\express\lib\router\route.js:119:3)
    at Layer.handle [as handle_request] (C:\Users\avita\source\repos\ofekm5\ShebaScheduler\Scheduler\node_modules\express\lib\router\layer.js:95:5)
    at C:\Users\avita\source\repos\ofekm5\ShebaScheduler\Scheduler\node_modules\express\lib\router\index.js:284:15
    at Function.process_params (C:\Users\avita\source\repos\ofekm5\ShebaScheduler\Scheduler\node_modules\express\lib\router\index.js:346:12)
    at next (C:\Users\avita\source\repos\ofekm5\ShebaScheduler\Scheduler\node_modules\express\lib\router\index.js:280:10)
    at checkParams (C:\Users\avita\source\repos\ofekm5\ShebaScheduler\Scheduler\dist\middleware\checkParams.js:48:5)
2024-05-17T14:29:49.450Z [31merror[39m: Error: secretOrPrivateKey must have a value
    at module.exports [as sign] (C:\Users\avita\source\repos\ofekm5\ShebaScheduler\Scheduler\node_modules\jsonwebtoken\sign.js:111:20)
    at loginHandler (C:\Users\avita\source\repos\ofekm5\ShebaScheduler\Scheduler\dist\middleware\userHandlers.js:18:46)
    at Layer.handle [as handle_request] (C:\Users\avita\source\repos\ofekm5\ShebaScheduler\Scheduler\node_modules\express\lib\router\layer.js:95:5)
    at next (C:\Users\avita\source\repos\ofekm5\ShebaScheduler\Scheduler\node_modules\express\lib\router\route.js:149:13)
    at Route.dispatch (C:\Users\avita\source\repos\ofekm5\ShebaScheduler\Scheduler\node_modules\express\lib\router\route.js:119:3)
    at Layer.handle [as handle_request] (C:\Users\avita\source\repos\ofekm5\ShebaScheduler\Scheduler\node_modules\express\lib\router\layer.js:95:5)
    at C:\Users\avita\source\repos\ofekm5\ShebaScheduler\Scheduler\node_modules\express\lib\router\index.js:284:15
    at Function.process_params (C:\Users\avita\source\repos\ofekm5\ShebaScheduler\Scheduler\node_modules\express\lib\router\index.js:346:12)
    at next (C:\Users\avita\source\repos\ofekm5\ShebaScheduler\Scheduler\node_modules\express\lib\router\index.js:280:10)
    at checkParams (C:\Users\avita\source\repos\ofekm5\ShebaScheduler\Scheduler\dist\middleware\checkParams.js:48:5)
2024-05-17T14:34:41.017Z [32minfo[39m: buna logged in successfully
2024-05-17T14:35:02.540Z [32minfo[39m: Tali signed up successfully
2024-05-17T14:40:14.952Z [31merror[39m: Invalid or expired token
2024-05-17T14:40:32.098Z [32minfo[39m: buna logged in successfully
2024-05-17T14:40:59.652Z [31merror[39m: Invalid or expired token
2024-05-17T14:42:33.378Z [31merror[39m: Invalid or expired token
2024-05-17T14:42:34.350Z [31merror[39m: Invalid or expired token
2024-05-17T14:42:35.217Z [31merror[39m: Invalid or expired token
2024-05-17T14:44:53.238Z [31merror[39m: Invalid or expired token
2024-05-17T14:46:03.865Z [32minfo[39m: verified user 1 OTP
